[0221/113828.184:ERROR:crash_report_database_win.cc(558)] GetFileAttributes C:\Users\PRAVIN~1.SIN\AppData\Local\Temp\scoped_dir14448_1009178400\Crashpad: The system cannot find the file specified. (0x2)
[0221/114044.014:ERROR:crash_report_database_win.cc(558)] GetFileAttributes C:\Users\PRAVIN~1.SIN\AppData\Local\Temp\scoped_dir18904_4776\Crashpad: The system cannot find the file specified. (0x2)
[0221/120517.897:ERROR:crash_report_database_win.cc(558)] GetFileAttributes C:\Users\PRAVIN~1.SIN\AppData\Local\Temp\scoped_dir18620_1807782347\Crashpad: The system cannot find the file specified. (0x2)
[0221/120648.875:ERROR:crash_report_database_win.cc(558)] GetFileAttributes C:\Users\PRAVIN~1.SIN\AppData\Local\Temp\scoped_dir18588_959972839\Crashpad: The system cannot find the file specified. (0x2)
[0221/120955.781:ERROR:crash_report_database_win.cc(558)] GetFileAttributes C:\Users\PRAVIN~1.SIN\AppData\Local\Temp\scoped_dir15988_1788196866\Crashpad: The system cannot find the file specified. (0x2)
[0221/124800.133:ERROR:crash_report_database_win.cc(558)] GetFileAttributes C:\Users\PRAVIN~1.SIN\AppData\Local\Temp\scoped_dir5824_1842385740\Crashpad: The system cannot find the file specified. (0x2)
[0221/125709.215:ERROR:crash_report_database_win.cc(558)] GetFileAttributes C:\Users\PRAVIN~1.SIN\AppData\Local\Temp\scoped_dir17640_570523539\Crashpad: The system cannot find the file specified. (0x2)
[0221/140830.858:ERROR:crash_report_database_win.cc(558)] GetFileAttributes C:\Users\PRAVIN~1.SIN\AppData\Local\Temp\scoped_dir14512_1618549757\Crashpad: The system cannot find the file specified. (0x2)
[0221/142724.965:ERROR:crash_report_database_win.cc(558)] GetFileAttributes C:\Users\PRAVIN~1.SIN\AppData\Local\Temp\scoped_dir22220_88691579\Crashpad: The system cannot find the file specified. (0x2)
[0221/143020.042:ERROR:crash_report_database_win.cc(558)] GetFileAttributes C:\Users\PRAVIN~1.SIN\AppData\Local\Temp\scoped_dir15308_1356414090\Crashpad: The system cannot find the file specified. (0x2)
[0225/115107.050:ERROR:crash_report_database_win.cc(558)] GetFileAttributes C:\Users\PRAVIN~1.SIN\AppData\Local\Temp\scoped_dir7784_697084876\Crashpad: The system cannot find the file specified. (0x2)
[0226/092956.711:ERROR:crash_report_database_win.cc(558)] GetFileAttributes C:\Users\PRAVIN~1.SIN\AppData\Local\Temp\scoped_dir1604_5992276\Crashpad: The system cannot find the file specified. (0x2)
[0226/133005.610:ERROR:process_reader_win.cc(90)] NtQuerySystemInformation: {Not Enough Quota} Not enough virtual memory or paging file quota is available to complete the specified operation. (0xc0000017)
[0226/133005.622:ERROR:exception_snapshot_win.cc(98)] thread ID 1068 not found in process
[0226/140507.606:ERROR:process_reader_win.cc(90)] NtQuerySystemInformation: {Not Enough Quota} Not enough virtual memory or paging file quota is available to complete the specified operation. (0xc0000017)
[0226/140507.721:ERROR:exception_snapshot_win.cc(98)] thread ID 9788 not found in process
[0226/140507.750:ERROR:process_info.cc(375)] NtQuerySystemInformation SystemExtendedHandleInformation: {Not Enough Quota} Not enough virtual memory or paging file quota is available to complete the specified operation. (0xc0000017)
[0226/140507.750:ERROR:process_info.cc(375)] NtQuerySystemInformation SystemExtendedHandleInformation: {Not Enough Quota} Not enough virtual memory or paging file quota is available to complete the specified operation. (0xc0000017)
[0226/140507.907:ERROR:process_info.cc(359)] UncheckedAllocate
[0226/140507.719:ERROR:process_info.cc(375)] NtQuerySystemInformation SystemExtendedHandleInformation: {Not Enough Quota} Not enough virtual memory or paging file quota is available to complete the specified operation. (0xc0000017)
[0226/140507.669:ERROR:process_info.cc(359)] UncheckedAllocate
[0226/140507.781:ERROR:process_info.cc(359)] UncheckedAllocate
[0226/140507.907:ERROR:process_info.cc(359)] UncheckedAllocate
[0226/140508.441:ERROR:http_transport_win.cc(276)] WinHttpSendRequest: The operation completed successfully. (0x0)
[0226/140508.556:ERROR:http_transport_win.cc(276)] WinHttpSendRequest: The operation completed successfully. (0x0)
[0226/140508.792:ERROR:http_transport_win.cc(276)] WinHttpSendRequest: The operation completed successfully. (0x0)
[0226/153856.759:ERROR:crash_report_database_win.cc(558)] GetFileAttributes C:\Users\PRAVIN~1.SIN\AppData\Local\Temp\scoped_dir2992_1480101924\Crashpad: The system cannot find the file specified. (0x2)
[0226/160558.336:ERROR:crash_report_database_win.cc(558)] GetFileAttributes C:\Users\PRAVIN~1.SIN\AppData\Local\Temp\scoped_dir2112_1260744620\Crashpad: The system cannot find the file specified. (0x2)
[0227/094009.578:ERROR:crash_report_database_win.cc(558)] GetFileAttributes C:\Users\PRAVIN~1.SIN\AppData\Local\Temp\scoped_dir9120_318357699\Crashpad: The system cannot find the file specified. (0x2)
[0227/094028.124:ERROR:crash_report_database_win.cc(558)] GetFileAttributes C:\Users\PRAVIN~1.SIN\AppData\Local\Temp\scoped_dir15136_400768521\Crashpad: The system cannot find the file specified. (0x2)
[0227/094239.951:ERROR:crash_report_database_win.cc(558)] GetFileAttributes C:\Users\PRAVIN~1.SIN\AppData\Local\Temp\scoped_dir14576_1116036592\Crashpad: The system cannot find the file specified. (0x2)
[0227/094359.610:ERROR:crash_report_database_win.cc(558)] GetFileAttributes C:\Users\PRAVIN~1.SIN\AppData\Local\Temp\scoped_dir7744_36433446\Crashpad: The system cannot find the file specified. (0x2)
[0227/094604.179:ERROR:crash_report_database_win.cc(558)] GetFileAttributes C:\Users\PRAVIN~1.SIN\AppData\Local\Temp\scoped_dir11684_632918185\Crashpad: The system cannot find the file specified. (0x2)
[0227/095136.002:ERROR:crash_report_database_win.cc(558)] GetFileAttributes C:\Users\PRAVIN~1.SIN\AppData\Local\Temp\scoped_dir9760_1024333359\Crashpad: The system cannot find the file specified. (0x2)
[0227/101134.533:ERROR:crash_report_database_win.cc(558)] GetFileAttributes C:\Users\PRAVIN~1.SIN\AppData\Local\Temp\scoped_dir6100_832119392\Crashpad: The system cannot find the file specified. (0x2)
[0227/101832.092:ERROR:crash_report_database_win.cc(558)] GetFileAttributes C:\Users\PRAVIN~1.SIN\AppData\Local\Temp\scoped_dir3084_467173561\Crashpad: The system cannot find the file specified. (0x2)
[0227/101853.680:ERROR:crash_report_database_win.cc(558)] GetFileAttributes C:\Users\PRAVIN~1.SIN\AppData\Local\Temp\scoped_dir7392_1190779408\Crashpad: The system cannot find the file specified. (0x2)
[0227/101925.090:ERROR:crash_report_database_win.cc(558)] GetFileAttributes C:\Users\PRAVIN~1.SIN\AppData\Local\Temp\scoped_dir12264_1545104547\Crashpad: The system cannot find the file specified. (0x2)
[0227/102320.746:ERROR:crash_report_database_win.cc(558)] GetFileAttributes C:\Users\PRAVIN~1.SIN\AppData\Local\Temp\scoped_dir15812_1802719105\Crashpad: The system cannot find the file specified. (0x2)
[0227/102451.603:ERROR:crash_report_database_win.cc(558)] GetFileAttributes C:\Users\PRAVIN~1.SIN\AppData\Local\Temp\scoped_dir12708_696650698\Crashpad: The system cannot find the file specified. (0x2)
[0227/102555.076:ERROR:crash_report_database_win.cc(558)] GetFileAttributes C:\Users\PRAVIN~1.SIN\AppData\Local\Temp\scoped_dir1008_1141587064\Crashpad: The system cannot find the file specified. (0x2)
[0227/102717.163:ERROR:crash_report_database_win.cc(558)] GetFileAttributes C:\Users\PRAVIN~1.SIN\AppData\Local\Temp\scoped_dir6352_788211194\Crashpad: The system cannot find the file specified. (0x2)
[0227/102904.183:ERROR:crash_report_database_win.cc(558)] GetFileAttributes C:\Users\PRAVIN~1.SIN\AppData\Local\Temp\scoped_dir10256_1058026040\Crashpad: The system cannot find the file specified. (0x2)
[0227/104000.350:ERROR:crash_report_database_win.cc(558)] GetFileAttributes C:\Users\PRAVIN~1.SIN\AppData\Local\Temp\scoped_dir17220_1987560856\Crashpad: The system cannot find the file specified. (0x2)
[0227/104438.673:ERROR:crash_report_database_win.cc(558)] GetFileAttributes C:\Users\PRAVIN~1.SIN\AppData\Local\Temp\scoped_dir1580_29349360\Crashpad: The system cannot find the file specified. (0x2)
[0227/104457.717:ERROR:crash_report_database_win.cc(558)] GetFileAttributes C:\Users\PRAVIN~1.SIN\AppData\Local\Temp\scoped_dir14056_2015666796\Crashpad: The system cannot find the file specified. (0x2)
[0227/110025.615:ERROR:crash_report_database_win.cc(558)] GetFileAttributes C:\Users\PRAVIN~1.SIN\AppData\Local\Temp\scoped_dir6008_1185520571\Crashpad: The system cannot find the file specified. (0x2)
[0227/110047.336:ERROR:crash_report_database_win.cc(558)] GetFileAttributes C:\Users\PRAVIN~1.SIN\AppData\Local\Temp\scoped_dir17528_1460142660\Crashpad: The system cannot find the file specified. (0x2)
[0227/110106.398:ERROR:crash_report_database_win.cc(558)] GetFileAttributes C:\Users\PRAVIN~1.SIN\AppData\Local\Temp\scoped_dir16932_780699841\Crashpad: The system cannot find the file specified. (0x2)
[0227/110229.936:ERROR:crash_report_database_win.cc(558)] GetFileAttributes C:\Users\PRAVIN~1.SIN\AppData\Local\Temp\scoped_dir9724_2144837883\Crashpad: The system cannot find the file specified. (0x2)
[0227/110248.681:ERROR:crash_report_database_win.cc(558)] GetFileAttributes C:\Users\PRAVIN~1.SIN\AppData\Local\Temp\scoped_dir8332_1196340737\Crashpad: The system cannot find the file specified. (0x2)
[0227/111803.835:ERROR:crash_report_database_win.cc(558)] GetFileAttributes C:\Users\PRAVIN~1.SIN\AppData\Local\Temp\scoped_dir9880_694307739\Crashpad: The system cannot find the file specified. (0x2)
[0227/111843.101:ERROR:crash_report_database_win.cc(558)] GetFileAttributes C:\Users\PRAVIN~1.SIN\AppData\Local\Temp\scoped_dir5272_342336286\Crashpad: The system cannot find the file specified. (0x2)
